<?xml version="1.0" encoding="UTF-8"?>
<!-- Generated by org.testng.reporters.JUnitReportReporter -->
<testsuite hostname="LTIN522537" failures="0" tests="40" name="testpack.TestClass" time="89.908" errors="0" timestamp="2025-01-18T18:50:44 IST" skipped="0">
  <testcase classname="testpack.TestClass" name="openWebsite" time="2.158"/>
  <testcase classname="testpack.TestClass" name="openWebsite" time="1.040"/>
  <testcase classname="testpack.TestClass" name="validateUrl" time="0.081"/>
  <testcase classname="testpack.TestClass" name="validateUrl" time="0.904"/>
  <testcase classname="testpack.TestClass" name="validateLogo" time="0.973"/>
  <testcase classname="testpack.TestClass" name="validateLogo" time="0.038"/>
  <testcase classname="testpack.TestClass" name="validateSearchBox" time="0.124"/>
  <testcase classname="testpack.TestClass" name="validateSearchBox" time="0.048"/>
  <testcase classname="testpack.TestClass" name="searchBikes" time="0.429"/>
  <testcase classname="testpack.TestClass" name="searchBikes" time="17.007"/>
  <testcase classname="testpack.TestClass" name="visitBikeLink" time="3.542"/>
  <testcase classname="testpack.TestClass" name="visitBikeLink" time="0.335"/>
  <testcase classname="testpack.TestClass" name="clickReadMoreOption" time="0.099"/>
  <testcase classname="testpack.TestClass" name="clickReadMoreOption" time="0.160"/>
  <testcase classname="testpack.TestClass" name="validateViewMoreOption" time="0.037"/>
  <testcase classname="testpack.TestClass" name="validateViewMoreOption" time="0.093"/>
  <testcase classname="testpack.TestClass" name="getBikeDetails" time="1.194"/>
  <testcase classname="testpack.TestClass" name="getBikeDetails" time="0.340"/>
  <testcase classname="testpack.TestClass" name="writeBikeData" time="1.218"/>
  <testcase classname="testpack.TestClass" name="writeBikeData" time="0.041"/>
  <testcase classname="testpack.TestClass" name="returnToHome" time="0.855"/>
  <testcase classname="testpack.TestClass" name="returnToHome" time="1.668"/>
  <testcase classname="testpack.TestClass" name="searchCar" time="0.878"/>
  <testcase classname="testpack.TestClass" name="searchCar" time="5.167"/>
  <testcase classname="testpack.TestClass" name="visitCarLink" time="1.391"/>
  <testcase classname="testpack.TestClass" name="visitCarLink" time="7.739"/>
  <testcase classname="testpack.TestClass" name="getCarDetails" time="1.427"/>
  <testcase classname="testpack.TestClass" name="getCarDetails" time="0.291"/>
  <testcase classname="testpack.TestClass" name="writeCarData" time="0.097"/>
  <testcase classname="testpack.TestClass" name="writeCarData" time="0.057"/>
  <testcase classname="testpack.TestClass" name="goToMain" time="1.113"/>
  <testcase classname="testpack.TestClass" name="goToMain" time="1.777"/>
  <testcase classname="testpack.TestClass" name="s" time="3.967"/>
  <testcase classname="testpack.TestClass" name="s" time="11.218"/>
  <testcase classname="testpack.TestClass" name="selectGoogleButton" time="6.219"/>
  <testcase classname="testpack.TestClass" name="selectGoogleButton" time="6.185"/>
  <testcase classname="testpack.TestClass" name="tryInvalidLogin" time="2.684"/>
  <testcase classname="testpack.TestClass" name="tryInvalidLogin" time="3.168"/>
  <testcase classname="testpack.TestClass" name="captureErrorMessage" time="2.064"/>
  <testcase classname="testpack.TestClass" name="captureErrorMessage" time="2.082"/>
</testsuite> <!-- testpack.TestClass -->
